c:\users\ilshat\desktop\cppm-homeworks\01\hw01\origin\homework11052\x64\debug\vc143.pdb
c:\users\ilshat\desktop\cppm-homeworks\01\hw01\origin\homework11052\x64\debug\vc143.idb
c:\users\ilshat\desktop\cppm-homeworks\01\hw01\origin\homework11052\x64\debug\print_info.obj
c:\users\ilshat\desktop\cppm-homeworks\01\hw01\origin\homework11052\x64\debug\triangle.obj
c:\users\ilshat\desktop\cppm-homeworks\01\hw01\origin\homework11052\x64\debug\square.obj
c:\users\ilshat\desktop\cppm-homeworks\01\hw01\origin\homework11052\x64\debug\right_triangle.obj
c:\users\ilshat\desktop\cppm-homeworks\01\hw01\origin\homework11052\x64\debug\rhombus.obj
c:\users\ilshat\desktop\cppm-homeworks\01\hw01\origin\homework11052\x64\debug\rectangle.obj
c:\users\ilshat\desktop\cppm-homeworks\01\hw01\origin\homework11052\x64\debug\quadrangle.obj
c:\users\ilshat\desktop\cppm-homeworks\01\hw01\origin\homework11052\x64\debug\parallelogram.obj
c:\users\ilshat\desktop\cppm-homeworks\01\hw01\origin\homework11052\x64\debug\isosceles_triangle.obj
c:\users\ilshat\desktop\cppm-homeworks\01\hw01\origin\homework11052\x64\debug\figure.obj
c:\users\ilshat\desktop\cppm-homeworks\01\hw01\origin\homework11052\x64\debug\equilateral_triangle.obj
c:\users\ilshat\desktop\cppm-homeworks\01\hw01\origin\homework11052\x64\debug\homework11052.lib
c:\users\ilshat\desktop\cppm-homeworks\01\hw01\origin\homework11052\x64\debug\homework11052.exp
c:\users\ilshat\desktop\cppm-homeworks\01\hw01\origin\homework11052\x64\debug\homework11052.dll
c:\users\ilshat\desktop\cppm-homeworks\01\hw01\origin\homework11052\x64\debug\homework11052.ilk
c:\users\ilshat\desktop\cppm-homeworks\01\hw01\origin\homework11052\x64\debug\homework11052.pdb
c:\users\ilshat\desktop\cppm-homeworks\01\hw01\origin\homework11052\x64\debug\figuresclient.pdb
c:\users\ilshat\desktop\cppm-homeworks\01\hw01\origin\homework11052\x64\debug\homework11052.tlog\cl.command.1.tlog
c:\users\ilshat\desktop\cppm-homeworks\01\hw01\origin\homework11052\x64\debug\homework11052.tlog\cl.read.1.tlog
c:\users\ilshat\desktop\cppm-homeworks\01\hw01\origin\homework11052\x64\debug\homework11052.tlog\cl.write.1.tlog
c:\users\ilshat\desktop\cppm-homeworks\01\hw01\origin\homework11052\x64\debug\homework11052.tlog\link.command.1.tlog
c:\users\ilshat\desktop\cppm-homeworks\01\hw01\origin\homework11052\x64\debug\homework11052.tlog\link.read.1.tlog
c:\users\ilshat\desktop\cppm-homeworks\01\hw01\origin\homework11052\x64\debug\homework11052.tlog\link.write.1.tlog
c:\users\ilshat\desktop\cppm-homeworks\01\hw01\origin\homework11052\x64\debug\homework11052.tlog\link.write.2u.tlog
